#
# There is insufficient memory for the Java Runtime Environment to continue.
# Native memory allocation (mmap) failed to map 134217728 bytes for Failed to commit area from 0x0000000081c00000 to 0x0000000089c00000 of length 134217728.
# Possible reasons:
#   The system is out of physical RAM or swap space
#   The process is running with CompressedOops enabled, and the Java Heap may be blocking the growth of the native heap
# Possible solutions:
#   Reduce memory load on the system
#   Increase physical memory or swap space
#   Check if swap backing store is full
#   Decrease Java heap size (-Xmx/-Xms)
#   Decrease number of Java threads
#   Decrease Java thread stack sizes (-Xss)
#   Set larger code cache with -XX:ReservedCodeCacheSize=
# This output file may be truncated or incomplete.
#
#  Out of Memory Error (t:/workspace/open/src/hotspot/os/windows/os_windows.cpp:3301), pid=10860, tid=19668
#
# JRE version:  (13.0.2+8) (build )
# Java VM: Java HotSpot(TM) 64-Bit Server VM (13.0.2+8, mixed mode, aot, sharing, tiered, compressed oops, g1 gc, windows-amd64)
# No core dump will be written. Minidumps are not enabled by default on client versions of Windows
#

---------------  S U M M A R Y ------------

Command Line: -javaagent:C:\Program Files\JetBrains\IntelliJ IDEA 2021.1.1\lib\idea_rt.jar=57286:C:\Program Files\JetBrains\IntelliJ IDEA 2021.1.1\bin -Dfile.encoding=UTF-8 RMI.RMIServer

Host: Intel(R) Core(TM) i5-8250U CPU @ 1.60GHz, 8 cores, 7G,  Windows 10 , 64 bit Build 19041 (10.0.19041.928)
Time: Fri May 14 19:19:33 2021 GMT Summer Time elapsed time: 0 seconds (0d 0h 0m 0s)

---------------  T H R E A D  ---------------

Current thread (0x0000022c2569c000):  JavaThread "Unknown thread" [_thread_in_vm, id=19668, stack(0x0000005f13d00000,0x0000005f13e00000)]

Stack: [0x0000005f13d00000,0x0000005f13e00000]
Native frames: (J=compiled Java code, j=interpreted, Vv=VM code, C=native code)
V  [jvm.dll+0x624f9a]
V  [jvm.dll+0x770cfa]
V  [jvm.dll+0x7724af]
V  [jvm.dll+0x772ab3]
V  [jvm.dll+0x24bf08]
V  [jvm.dll+0x6222aa]
V  [jvm.dll+0x6170b5]
V  [jvm.dll+0x30a88c]
V  [jvm.dll+0x30a6c2]
V  [jvm.dll+0x30fe36]
V  [jvm.dll+0x353f46]
V  [jvm.dll+0x353720]
V  [jvm.dll+0x2e550a]
V  [jvm.dll+0x2e67a2]
V  [jvm.dll+0x74dd78]
V  [jvm.dll+0x361989]
V  [jvm.dll+0x730e65]
V  [jvm.dll+0x3cc53f]
V  [jvm.dll+0x3ce861]
C  [jli.dll+0x51ff]
C  [ucrtbase.dll+0x21bb2]
C  [KERNEL32.DLL+0x17034]
C  [ntdll.dll+0x52651]


---------------  P R O C E S S  ---------------

Threads class SMR info:
_java_thread_list=0x00007ffc3852ccb8, length=0, elements={
}

Java Threads: ( => current thread )

Other Threads:
  0x0000022c256e1000 GCTaskThread "GC Thread#0" [stack: 0x0000005f13e00000,0x0000005f13f00000] [id=5736]
  0x0000022c256f4800 ConcurrentGCThread "G1 Main Marker" [stack: 0x0000005f13f00000,0x0000005f14000000] [id=19776]
  0x0000022c256f6800 ConcurrentGCThread "G1 Conc#0" [stack: 0x0000005f14000000,0x0000005f14100000] [id=2372]

[error occurred during error reporting (printing all threads), id 0xc0000005, EXCEPTION_ACCESS_VIOLATION (0xc0000005) at pc=0x00007ffc37d651d7]

VM state:not at safepoint (not fully initialized)

VM Mutex/Monitor currently owned by a thread:  ([mutex/lock_event])
[0x0000022c25699730] Heap_lock - owner thread: 0x0000022c2569c000

Heap address: 0x0000000081c00000, size: 2020 MB, Compressed Oops mode: Non-zero based: 0x0000000081c00000
Narrow klass base: 0x0000000000000000, Narrow klass shift: 0

GC Heap History (0 events):
No events

Deoptimization events (0 events):
No events

Classes unloaded (0 events):
No events

Classes redefined (0 events):
No events

Internal exceptions (0 events):
No events

Events (8 events):
Event: 0.012 Loaded shared library C:\Program Files\Java\jdk-13.0.2\bin\zip.dll
Event: 0.013 Loaded shared library C:\Program Files\Java\jdk-13.0.2\bin\jimage.dll
Event: 0.016 Loading shared library C:\Program Files\Java\jdk-13.0.2\lib\libjava.base-coop.dll failed, error code 126
Event: 0.016 Loading shared library C:\Program Files\Java\jdk-13.0.2\lib\libjava.logging-coop.dll failed, error code 126
Event: 0.016 Loading shared library C:\Program Files\Java\jdk-13.0.2\lib\libjdk.compiler-coop.dll failed, error code 126
Event: 0.016 Loading shared library C:\Program Files\Java\jdk-13.0.2\lib\libjdk.scripting.nashorn-coop.dll failed, error code 126
Event: 0.016 Loading shared library C:\Program Files\Java\jdk-13.0.2\lib\libjdk.internal.vm.ci-coop.dll failed, error code 126
Event: 0.016 Loading shared library C:\Program Files\Java\jdk-13.0.2\lib\libjdk.internal.vm.compiler-coop.dll failed, error code 126


Dynamic libraries:
0x00007ff6edf80000 - 0x00007ff6edf8f000 	C:\Program Files\Java\jdk-13.0.2\bin\java.exe
0x00007ffc854f0000 - 0x00007ffc856e5000 	C:\WINDOWS\SYSTEM32\ntdll.dll
0x00007ffc83550000 - 0x00007ffc8360d000 	C:\WINDOWS\System32\KERNEL32.DLL
0x00007ffc83280000 - 0x00007ffc83548000 	C:\WINDOWS\System32\KERNELBASE.dll
0x00007ffc83070000 - 0x00007ffc83170000 	C:\WINDOWS\System32\ucrtbase.dll
0x00007ffc78ab0000 - 0x00007ffc78ac8000 	C:\Program Files\Java\jdk-13.0.2\bin\jli.dll
0x00007ffc77e40000 - 0x00007ffc77e55000 	C:\Program Files\Java\jdk-13.0.2\bin\VCRUNTIME140.dll
0x00007ffc85400000 - 0x00007ffc854ac000 	C:\WINDOWS\System32\ADVAPI32.dll
0x00007ffc84e70000 - 0x00007ffc84f0e000 	C:\WINDOWS\System32\msvcrt.dll
0x00007ffc84b70000 - 0x00007ffc84c0b000 	C:\WINDOWS\System32\sechost.dll
0x00007ffc83850000 - 0x00007ffc8397b000 	C:\WINDOWS\System32\RPCRT4.dll
0x00007ffc84f70000 - 0x00007ffc85110000 	C:\WINDOWS\System32\USER32.dll
0x00007ffc82d80000 - 0x00007ffc82da2000 	C:\WINDOWS\System32\win32u.dll
0x00007ffc85110000 - 0x00007ffc8513a000 	C:\WINDOWS\System32\GDI32.dll
0x00007ffc6d3f0000 - 0x00007ffc6d68a000 	C:\WINDOWS\WinSxS\amd64_microsoft.windows.common-controls_6595b64144ccf1df_6.0.19041.844_none_ca00b6081b84eb1d\COMCTL32.dll
0x00007ffc83170000 - 0x00007ffc8327b000 	C:\WINDOWS\System32\gdi32full.dll
0x00007ffc82ce0000 - 0x00007ffc82d7d000 	C:\WINDOWS\System32\msvcp_win.dll
0x00007ffc78af0000 - 0x00007ffc78afa000 	C:\WINDOWS\SYSTEM32\VERSION.dll
0x00007ffc84b40000 - 0x00007ffc84b70000 	C:\WINDOWS\System32\IMM32.DLL
0x00007ffc5e080000 - 0x00007ffc5e11b000 	C:\Program Files\Java\jdk-13.0.2\bin\msvcp140.dll
0x00007ffc37a70000 - 0x00007ffc385cd000 	C:\Program Files\Java\jdk-13.0.2\bin\server\jvm.dll
0x00007ffc84d30000 - 0x00007ffc84d38000 	C:\WINDOWS\System32\PSAPI.DLL
0x00007ffc6ea00000 - 0x00007ffc6ea09000 	C:\WINDOWS\SYSTEM32\WSOCK32.dll
0x00007ffc84c10000 - 0x00007ffc84c7b000 	C:\WINDOWS\System32\WS2_32.dll
0x00007ffc73670000 - 0x00007ffc73697000 	C:\WINDOWS\SYSTEM32\WINMM.dll
0x00007ffc81500000 - 0x00007ffc81512000 	C:\WINDOWS\SYSTEM32\kernel.appcore.dll
0x00007ffc7d7f0000 - 0x00007ffc7d800000 	C:\Program Files\Java\jdk-13.0.2\bin\verify.dll
0x00007ffc80a40000 - 0x00007ffc80c24000 	C:\WINDOWS\SYSTEM32\DBGHELP.DLL
0x00007ffc777e0000 - 0x00007ffc7780c000 	C:\WINDOWS\SYSTEM32\dbgcore.DLL
0x00007ffc82c30000 - 0x00007ffc82cb0000 	C:\WINDOWS\System32\bcryptPrimitives.dll
0x00007ffc77e10000 - 0x00007ffc77e36000 	C:\Program Files\Java\jdk-13.0.2\bin\java.dll
0x00007ffc78aa0000 - 0x00007ffc78aae000 	C:\Program Files\Java\jdk-13.0.2\bin\instrument.dll
0x00007ffc75c70000 - 0x00007ffc75c87000 	C:\Program Files\Java\jdk-13.0.2\bin\zip.dll
0x00007ffc790d0000 - 0x00007ffc790da000 	C:\Program Files\Java\jdk-13.0.2\bin\jimage.dll

dbghelp: loaded successfully - version: 4.0.5 - missing functions: none
symbol engine: initialized successfully - sym options: 0x614 - pdb path: .;C:\Program Files\Java\jdk-13.0.2\bin;C:\WINDOWS\SYSTEM32;C:\WINDOWS\WinSxS\amd64_microsoft.windows.common-controls_6595b64144ccf1df_6.0.19041.844_none_ca00b6081b84eb1d;C:\Program Files\Java\jdk-13.0.2\bin\server

VM Arguments:
jvm_args: -javaagent:C:\Program Files\JetBrains\IntelliJ IDEA 2021.1.1\lib\idea_rt.jar=57286:C:\Program Files\JetBrains\IntelliJ IDEA 2021.1.1\bin -Dfile.encoding=UTF-8 
java_command: RMI.RMIServer
java_class_path (initial): C:\Users\ximax\Desktop\college gomin\SD_projeto\out\production\SD;C:\Users\ximax\Desktop\college gomin\SD_projeto\web\WEB-INF\lib\asm-3.3.jar;C:\Users\ximax\Desktop\college gomin\SD_projeto\web\WEB-INF\lib\ognl-3.0.6.jar;C:\Users\ximax\Desktop\college gomin\SD_projeto\web\WEB-INF\lib\asm-tree-3.3.jar;C:\Users\ximax\Desktop\college gomin\SD_projeto\web\WEB-INF\lib\log4j-1.2.14.jar;C:\Users\ximax\Desktop\college gomin\SD_projeto\web\WEB-INF\lib\commons-io-2.2.jar;C:\Users\ximax\Desktop\college gomin\SD_projeto\web\WEB-INF\lib\asm-commons-3.3.jar;C:\Users\ximax\Desktop\college gomin\SD_projeto\web\WEB-INF\lib\commons-lang3-3.1.jar;C:\Users\ximax\Desktop\college gomin\SD_projeto\web\WEB-INF\lib\freemarker-2.3.19.jar;C:\Users\ximax\Desktop\college gomin\SD_projeto\web\WEB-INF\lib\javassist-3.11.0.GA.jar;C:\Users\ximax\Desktop\college gomin\SD_projeto\web\WEB-INF\lib\xwork-core-2.3.16.3.jar;C:\Users\ximax\Desktop\college gomin\SD_projeto\web\WEB-INF\lib\struts2-core-2.3.16.3.jar;C:\Users\ximax\Desktop\college gomin\SD_projeto\web\WEB-INF\lib\commons-fileupload-1.3.1.jar;C:\Users\ximax\Desktop\college gomin\SD_projeto\web\WEB-INF\lib\javax.servlet.jsp.jstl-1.2.1.jar;C:\Users\ximax\Desktop\college gomin\SD_projeto\web\WEB-INF\lib\javax.servlet.jsp.jstl-api-1.2.1.jar;C:\Users\ximax\Desktop\college gomin\SD_projeto\src\RMI\console.jar;C:\Users\ximax\Desktop\college gomin\SD_projeto\src\RMI\rmiserver.jar;C:\Users\ximax\Desktop\college gomin\SD_projeto\server.jar;C:\Users\ximax\Desktop\college gomin\SD_projeto\terminal.jar;C:\Users\ximax\.m2\repository\javax\servlet\jstl\1.2\jstl-1.2.jar
Launcher Type: SUN_STANDARD

[Global flags]
     intx CICompilerCount                          = 4                                         {product} {ergonomic}
     uint ConcGCThreads                            = 2                                         {product} {ergonomic}
     uint G1ConcRefinementThreads                  = 8                                         {product} {ergonomic}
   size_t G1HeapRegionSize                         = 1048576                                   {product} {ergonomic}
    uintx GCDrainStackTargetSize                   = 64                                        {product} {ergonomic}
   size_t InitialHeapSize                          = 134217728                                 {product} {ergonomic}
   size_t MarkStackSize                            = 4194304                                   {product} {ergonomic}
   size_t MaxHeapSize                              = 2118123520                                {product} {ergonomic}
   size_t MinHeapDeltaBytes                        = 1048576                                   {product} {ergonomic}
   size_t MinHeapSize                              = 8388608                                   {product} {ergonomic}
    uintx NonNMethodCodeHeapSize                   = 5839372                                {pd product} {ergonomic}
    uintx NonProfiledCodeHeapSize                  = 122909434                              {pd product} {ergonomic}
    uintx ProfiledCodeHeapSize                     = 122909434                              {pd product} {ergonomic}
    uintx ReservedCodeCacheSize                    = 251658240                              {pd product} {ergonomic}
     bool SegmentedCodeCache                       = true                                      {product} {ergonomic}
   size_t SoftMaxHeapSize                          = 2118123520                             {manageable} {ergonomic}
     bool UseCompressedClassPointers               = true                                 {lp64_product} {ergonomic}
     bool UseCompressedOops                        = true                                 {lp64_product} {ergonomic}
     bool UseG1GC                                  = true                                      {product} {ergonomic}
     bool UseLargePagesIndividualAllocation        = false                                  {pd product} {ergonomic}

Logging:
Log output configuration:
 #0: stdout all=warning uptime,level,tags
 #1: stderr all=off uptime,level,tags

Environment Variables:
PATH=C:\Program Files\Common Files\Oracle\Java\javapath;C:\Program Files (x86)\Common Files\Oracle\Java\javapath;C:\Program Files (x86)\Intel\Intel(R) Management Engine Components\iCLS\;C:\Program Files\Intel\Intel(R) Management Engine Components\iCLS\;C:\Windows\system32;C:\Windows;C:\Windows\System32\Wbem;C:\Windows\System32\WindowsPowerShell\v1.0\;C:\Windows\System32\OpenSSH\;C:\Program Files (x86)\Intel\Intel(R) Management Engine Components\DAL;C:\Program Files\Intel\Intel(R) Management Engine Components\DAL;C:\Program Files (x86)\Intel\Intel(R) Management Engine Components\IPT;C:\Program Files\Intel\Intel(R) Management Engine Components\IPT;C:\Program Files (x86)\NVIDIA Corporation\PhysX\Common;C:\Program Files\dotnet\;C:\Program Files\Intel\WiFi\bin\;C:\Program Files\Common Files\Intel\WirelessCommon\;C:\WINDOWS\system32;C:\WINDOWS;C:\WINDOWS\System32\Wbem;C:\WINDOWS\System32\WindowsPowerShell\v1.0\;C:\WINDOWS\System32\OpenSSH\;C:\Program Files\Dart\dart-sdk\bin;C:\Program Files\Git\cmd;C:\Program Files\Java\jdk-13.0.2\bin;C:\Users\ximax\AppData\Local\Programs\Python\Python38-32\Scripts\;C:\Users\ximax\AppData\Local\Programs\Python\Python38-32\;C:\Users\ximax\AppData\Local\Microsoft\WindowsApps;C:\Users\ximax\AppData\Local\Programs\Microsoft VS Code\bin;C:\flutter\bin;C:\Users\ximax\AppData\Local\GitHubDesktop\bin;C:\Users\ximax\AppData\Local\Microsoft\WindowsApps;C:\cygwin64\bin;;C:\Program Files\JetBrains\IntelliJ IDEA 2021.1\bin;
USERNAME=ximax
OS=Windows_NT
PROCESSOR_IDENTIFIER=Intel64 Family 6 Model 142 Stepping 10, GenuineIntel



---------------  S Y S T E M  ---------------

OS: Windows 10 , 64 bit Build 19041 (10.0.19041.928)

CPU:total 8 (initial active 8) (4 cores per cpu, 2 threads per core) family 6 model 142 stepping 10, cmov, cx8, fxsr, mmx, sse, sse2, sse3, ssse3, sse4.1, sse4.2, popcnt, avx, avx2, aes, clmul, erms, 3dnowpref, lzcnt, ht, tsc, tscinvbit, bmi1, bmi2, adx, fma

Memory: 4k page, system-wide physical 8074M (454M free)
TotalPageFile size 32650M (AvailPageFile size 78M)
current process WorkingSet (physical memory assigned to process): 10M, peak: 10M
current process commit charge ("private bytes"): 60M, peak: 188M

vm_info: Java HotSpot(TM) 64-Bit Server VM (13.0.2+8) for windows-amd64 JRE (13.0.2+8), built on Dec 11 2019 09:20:33 by "mach5one" with unknown MS VC++:1916

END.
